<?xml version="1.0" encoding="UTF-8"?>
<!-- Generated by org.testng.reporters.JUnitXMLReporter -->
<testsuite hostname="LAPTOP-7PNJT95L" ignored="0" name="ApplicationDemo" tests="4" failures="1" timestamp="12 Apr 2020 07:44:32 GMT" time="60.773" errors="0">
  <testcase name="@AfterTest BClose" time="0.04" classname="E2EMaven.Test1">
    <failure type="org.openqa.selenium.NoSuchSessionException" message="Session ID is null. Using WebDriver after calling quit()?
Build info: version: &amp;apos;3.6.0&amp;apos;, revision: &amp;apos;6fbf3ec767&amp;apos;, time: &amp;apos;2017-09-27T15:28:36.4Z&amp;apos;
System info: host: &amp;apos;LAPTOP-7PNJT95L&amp;apos;, ip: &amp;apos;192.168.43.223&amp;apos;, os.name: &amp;apos;Windows 10&amp;apos;, os.arch: &amp;apos;amd64&amp;apos;, os.version: &amp;apos;10.0&amp;apos;, java.version: &amp;apos;1.8.0_201&amp;apos;
Driver info: driver.version: RemoteWebDriver">
      <![CDATA[org.openqa.selenium.NoSuchSessionException: Session ID is null. Using WebDriver after calling quit()?
Build info: version: '3.6.0', revision: '6fbf3ec767', time: '2017-09-27T15:28:36.4Z'
System info: host: 'LAPTOP-7PNJT95L', ip: '192.168.43.223', os.name: 'Windows 10', os.arch: 'amd64', os.version: '10.0', java.version: '1.8.0_201'
Driver info: driver.version: RemoteWebDriver
at org.openqa.selenium.remote.HttpCommandExecutor.execute(HttpCommandExecutor.java:131)
at org.openqa.selenium.remote.service.DriverCommandExecutor.execute(DriverCommandExecutor.java:83)
at org.openqa.selenium.remote.RemoteWebDriver.execute(RemoteWebDriver.java:586)
at org.openqa.selenium.remote.RemoteWebDriver.execute(RemoteWebDriver.java:643)
at org.openqa.selenium.remote.RemoteWebDriver.close(RemoteWebDriver.java:472)
at E2EMaven.Test1.BClose(Test1.java:65)
... Removed 24 stack frames]]>
    </failure>
  </testcase> <!-- @AfterTest BClose -->
  <testcase name="InvokeBrowser" time="21.99" classname="E2EMaven.Test1"/>
  <testcase name="InvokeBrowser" time="18.212" classname="E2EMaven.Test1"/>
  <testcase name="Container" time="9.317" classname="E2EMaven.FieldValidation"/>
  <testcase name="Container2" time="9.437" classname="E2EMaven.FieldValidation">
    <failure type="junit.framework.AssertionFailedError">
      <![CDATA[junit.framework.AssertionFailedError
at junit.framework.Assert.fail(Assert.java:47)
at junit.framework.Assert.assertTrue(Assert.java:20)
at junit.framework.Assert.assertTrue(Assert.java:27)
at E2EMaven.FieldValidation.Container2(FieldValidation.java:54)
... Removed 25 stack frames]]>
    </failure>
  </testcase> <!-- Container2 -->
</testsuite> <!-- ApplicationDemo -->
